This is pdfTeX, Version 3.14159265-2.6-1.40.18 (TeX Live 2017) (preloaded format=pdflatex 2017.5.23)  15 OCT 2017 21:17
entering extended mode
 restricted \write18 enabled.
 file:line:error style messages enabled.
 %&-line parsing enabled.
**main.tex
(./main.tex
LaTeX2e <2017-04-15>
Babel <3.10> and hyphenation patterns for 84 language(s) loaded.
(/usr/local/texlive/2017/texmf-dist/tex/latex/IEEEtran/IEEEtran.cls
Document Class: IEEEtran 2015/08/26 V1.8b by Michael Shell
-- See the "IEEEtran_HOWTO" manual for usage information.
-- http://www.michaelshell.org/tex/ieeetran/
\@IEEEtrantmpdimenA=\dimen102
\@IEEEtrantmpdimenB=\dimen103
\@IEEEtrantmpdimenC=\dimen104
\@IEEEtrantmpcountA=\count79
\@IEEEtrantmpcountB=\count80
\@IEEEtrantmpcountC=\count81
\@IEEEtrantmptoksA=\toks14
LaTeX Font Info:    Try loading font information for OT1+ptm on input line 503.

(/usr/local/texlive/2017/texmf-dist/tex/latex/psnfss/ot1ptm.fd
File: ot1ptm.fd 2001/06/04 font definitions for OT1/ptm.
)
-- Using 8.5in x 11in (letter) paper.
-- Using PDF output.
\@IEEEnormalsizeunitybaselineskip=\dimen105
-- This is a 10 point document.
\CLASSINFOnormalsizebaselineskip=\dimen106
\CLASSINFOnormalsizeunitybaselineskip=\dimen107
\IEEEnormaljot=\dimen108
LaTeX Font Info:    Font shape `OT1/ptm/bx/n' in size <5> not available
(Font)              Font shape `OT1/ptm/b/n' tried instead on input line 1090.
LaTeX Font Info:    Font shape `OT1/ptm/bx/it' in size <5> not available
(Font)              Font shape `OT1/ptm/b/it' tried instead on input line 1090.

LaTeX Font Info:    Font shape `OT1/ptm/bx/n' in size <7> not available
(Font)              Font shape `OT1/ptm/b/n' tried instead on input line 1090.
LaTeX Font Info:    Font shape `OT1/ptm/bx/it' in size <7> not available
(Font)              Font shape `OT1/ptm/b/it' tried instead on input line 1090.

LaTeX Font Info:    Font shape `OT1/ptm/bx/n' in size <8> not available
(Font)              Font shape `OT1/ptm/b/n' tried instead on input line 1090.
LaTeX Font Info:    Font shape `OT1/ptm/bx/it' in size <8> not available
(Font)              Font shape `OT1/ptm/b/it' tried instead on input line 1090.

LaTeX Font Info:    Font shape `OT1/ptm/bx/n' in size <9> not available
(Font)              Font shape `OT1/ptm/b/n' tried instead on input line 1090.
LaTeX Font Info:    Font shape `OT1/ptm/bx/it' in size <9> not available
(Font)              Font shape `OT1/ptm/b/it' tried instead on input line 1090.

LaTeX Font Info:    Font shape `OT1/ptm/bx/n' in size <10> not available
(Font)              Font shape `OT1/ptm/b/n' tried instead on input line 1090.
LaTeX Font Info:    Font shape `OT1/ptm/bx/it' in size <10> not available
(Font)              Font shape `OT1/ptm/b/it' tried instead on input line 1090.

LaTeX Font Info:    Font shape `OT1/ptm/bx/n' in size <11> not available
(Font)              Font shape `OT1/ptm/b/n' tried instead on input line 1090.
LaTeX Font Info:    Font shape `OT1/ptm/bx/it' in size <11> not available
(Font)              Font shape `OT1/ptm/b/it' tried instead on input line 1090.

LaTeX Font Info:    Font shape `OT1/ptm/bx/n' in size <12> not available
(Font)              Font shape `OT1/ptm/b/n' tried instead on input line 1090.
LaTeX Font Info:    Font shape `OT1/ptm/bx/it' in size <12> not available
(Font)              Font shape `OT1/ptm/b/it' tried instead on input line 1090.

LaTeX Font Info:    Font shape `OT1/ptm/bx/n' in size <17> not available
(Font)              Font shape `OT1/ptm/b/n' tried instead on input line 1090.
LaTeX Font Info:    Font shape `OT1/ptm/bx/it' in size <17> not available
(Font)              Font shape `OT1/ptm/b/it' tried instead on input line 1090.

LaTeX Font Info:    Font shape `OT1/ptm/bx/n' in size <20> not available
(Font)              Font shape `OT1/ptm/b/n' tried instead on input line 1090.
LaTeX Font Info:    Font shape `OT1/ptm/bx/it' in size <20> not available
(Font)              Font shape `OT1/ptm/b/it' tried instead on input line 1090.

LaTeX Font Info:    Font shape `OT1/ptm/bx/n' in size <24> not available
(Font)              Font shape `OT1/ptm/b/n' tried instead on input line 1090.
LaTeX Font Info:    Font shape `OT1/ptm/bx/it' in size <24> not available
(Font)              Font shape `OT1/ptm/b/it' tried instead on input line 1090.

\IEEEquantizedlength=\dimen109
\IEEEquantizedlengthdiff=\dimen110
\IEEEquantizedtextheightdiff=\dimen111
\IEEEilabelindentA=\dimen112
\IEEEilabelindentB=\dimen113
\IEEEilabelindent=\dimen114
\IEEEelabelindent=\dimen115
\IEEEdlabelindent=\dimen116
\IEEElabelindent=\dimen117
\IEEEiednormlabelsep=\dimen118
\IEEEiedmathlabelsep=\dimen119
\IEEEiedtopsep=\skip41
\c@section=\count82
\c@subsection=\count83
\c@subsubsection=\count84
\c@paragraph=\count85
\c@IEEEsubequation=\count86
\abovecaptionskip=\skip42
\belowcaptionskip=\skip43
\c@figure=\count87
\c@table=\count88
\@IEEEeqnnumcols=\count89
\@IEEEeqncolcnt=\count90
\@IEEEsubeqnnumrollback=\count91
\@IEEEquantizeheightA=\dimen120
\@IEEEquantizeheightB=\dimen121
\@IEEEquantizeheightC=\dimen122
\@IEEEquantizeprevdepth=\dimen123
\@IEEEquantizemultiple=\count92
\@IEEEquantizeboxA=\box26
\@IEEEtmpitemindent=\dimen124
\IEEEPARstartletwidth=\dimen125
\c@IEEEbiography=\count93
\@IEEEtranrubishbin=\box27
) (/usr/local/texlive/2017/texmf-dist/tex/latex/graphics/graphicx.sty
Package: graphicx 2014/10/28 v1.0g Enhanced LaTeX Graphics (DPC,SPQR)

(/usr/local/texlive/2017/texmf-dist/tex/latex/graphics/keyval.sty
Package: keyval 2014/10/28 v1.15 key=value parser (DPC)
\KV@toks@=\toks15
)
(/usr/local/texlive/2017/texmf-dist/tex/latex/graphics/graphics.sty
Package: graphics 2017/04/14 v1.1b Standard LaTeX Graphics (DPC,SPQR)

(/usr/local/texlive/2017/texmf-dist/tex/latex/graphics/trig.sty
Package: trig 2016/01/03 v1.10 sin cos tan (DPC)
)
(/usr/local/texlive/2017/texmf-dist/tex/latex/graphics-cfg/graphics.cfg
File: graphics.cfg 2016/06/04 v1.11 sample graphics configuration
)
Package graphics Info: Driver file: pdftex.def on input line 99.

(/usr/local/texlive/2017/texmf-dist/tex/latex/graphics-def/pdftex.def
File: pdftex.def 2017/01/12 v0.06k Graphics/color for pdfTeX

(/usr/local/texlive/2017/texmf-dist/tex/generic/oberdiek/infwarerr.sty
Package: infwarerr 2016/05/16 v1.4 Providing info/warning/error messages (HO)
)
(/usr/local/texlive/2017/texmf-dist/tex/generic/oberdiek/ltxcmds.sty
Package: ltxcmds 2016/05/16 v1.23 LaTeX kernel commands for general use (HO)
)
\Gread@gobject=\count94
))
\Gin@req@height=\dimen126
\Gin@req@width=\dimen127
)
(/usr/local/texlive/2017/texmf-dist/tex/latex/hyperref/hyperref.sty
Package: hyperref 2017/03/14 v6.85a Hypertext links for LaTeX

(/usr/local/texlive/2017/texmf-dist/tex/generic/oberdiek/hobsub-hyperref.sty
Package: hobsub-hyperref 2016/05/16 v1.14 Bundle oberdiek, subset hyperref (HO)


(/usr/local/texlive/2017/texmf-dist/tex/generic/oberdiek/hobsub-generic.sty
Package: hobsub-generic 2016/05/16 v1.14 Bundle oberdiek, subset generic (HO)
Package: hobsub 2016/05/16 v1.14 Construct package bundles (HO)
Package hobsub Info: Skipping package `infwarerr' (already loaded).
Package hobsub Info: Skipping package `ltxcmds' (already loaded).
Package: ifluatex 2016/05/16 v1.4 Provides the ifluatex switch (HO)
Package ifluatex Info: LuaTeX not detected.
Package: ifvtex 2016/05/16 v1.6 Detect VTeX and its facilities (HO)
Package ifvtex Info: VTeX not detected.
Package: intcalc 2016/05/16 v1.2 Expandable calculations with integers (HO)
Package: ifpdf 2017/03/15 v3.2 Provides the ifpdf switch
Package: etexcmds 2016/05/16 v1.6 Avoid name clashes with e-TeX commands (HO)
Package etexcmds Info: Could not find \expanded.
(etexcmds)             That can mean that you are not using pdfTeX 1.50 or
(etexcmds)             that some package has redefined \expanded.
(etexcmds)             In the latter case, load this package earlier.
Package: kvsetkeys 2016/05/16 v1.17 Key value parser (HO)
Package: kvdefinekeys 2016/05/16 v1.4 Define keys (HO)
Package: pdftexcmds 2017/03/19 v0.25 Utility functions of pdfTeX for LuaTeX (HO
)
Package pdftexcmds Info: LuaTeX not detected.
Package pdftexcmds Info: \pdf@primitive is available.
Package pdftexcmds Info: \pdf@ifprimitive is available.
Package pdftexcmds Info: \pdfdraftmode found.
Package: pdfescape 2016/05/16 v1.14 Implements pdfTeX's escape features (HO)
Package: bigintcalc 2016/05/16 v1.4 Expandable calculations on big integers (HO
)
Package: bitset 2016/05/16 v1.2 Handle bit-vector datatype (HO)
Package: uniquecounter 2016/05/16 v1.3 Provide unlimited unique counter (HO)
)
Package hobsub Info: Skipping package `hobsub' (already loaded).
Package: letltxmacro 2016/05/16 v1.5 Let assignment for LaTeX macros (HO)
Package: hopatch 2016/05/16 v1.3 Wrapper for package hooks (HO)
Package: xcolor-patch 2016/05/16 xcolor patch
Package: atveryend 2016/05/16 v1.9 Hooks at the very end of document (HO)
Package atveryend Info: \enddocument detected (standard20110627).
Package: atbegshi 2016/06/09 v1.18 At begin shipout hook (HO)
Package: refcount 2016/05/16 v3.5 Data extraction from label references (HO)
Package: hycolor 2016/05/16 v1.8 Color options for hyperref/bookmark (HO)
)
(/usr/local/texlive/2017/texmf-dist/tex/generic/ifxetex/ifxetex.sty
Package: ifxetex 2010/09/12 v0.6 Provides ifxetex conditional
)
(/usr/local/texlive/2017/texmf-dist/tex/latex/oberdiek/auxhook.sty
Package: auxhook 2016/05/16 v1.4 Hooks for auxiliary files (HO)
)
(/usr/local/texlive/2017/texmf-dist/tex/latex/oberdiek/kvoptions.sty
Package: kvoptions 2016/05/16 v3.12 Key value format for package options (HO)
)
\@linkdim=\dimen128
\Hy@linkcounter=\count95
\Hy@pagecounter=\count96

(/usr/local/texlive/2017/texmf-dist/tex/latex/hyperref/pd1enc.def
File: pd1enc.def 2017/03/14 v6.85a Hyperref: PDFDocEncoding definition (HO)
)
\Hy@SavedSpaceFactor=\count97

(/usr/local/texlive/2017/texmf-dist/tex/latex/latexconfig/hyperref.cfg
File: hyperref.cfg 2002/06/06 v1.2 hyperref configuration of TeXLive
)
Package hyperref Info: Hyper figures OFF on input line 4498.
Package hyperref Info: Link nesting OFF on input line 4503.
Package hyperref Info: Hyper index ON on input line 4506.
Package hyperref Info: Plain pages OFF on input line 4513.
Package hyperref Info: Backreferencing OFF on input line 4518.
Package hyperref Info: Implicit mode ON; LaTeX internals redefined.
Package hyperref Info: Bookmarks ON on input line 4751.
\c@Hy@tempcnt=\count98

(/usr/local/texlive/2017/texmf-dist/tex/latex/url/url.sty
\Urlmuskip=\muskip10
Package: url 2013/09/16  ver 3.4  Verb mode for urls, etc.
)
LaTeX Info: Redefining \url on input line 5104.
\XeTeXLinkMargin=\dimen129
\Fld@menulength=\count99
\Field@Width=\dimen130
\Fld@charsize=\dimen131
Package hyperref Info: Hyper figures OFF on input line 6358.
Package hyperref Info: Link nesting OFF on input line 6363.
Package hyperref Info: Hyper index ON on input line 6366.
Package hyperref Info: backreferencing OFF on input line 6373.
Package hyperref Info: Link coloring OFF on input line 6378.
Package hyperref Info: Link coloring with OCG OFF on input line 6383.
Package hyperref Info: PDF/A mode OFF on input line 6388.
LaTeX Info: Redefining \ref on input line 6428.
LaTeX Info: Redefining \pageref on input line 6432.
\Hy@abspage=\count100
\c@Item=\count101
\c@Hfootnote=\count102
)

Package hyperref Message: Driver (autodetected): hpdftex.

(/usr/local/texlive/2017/texmf-dist/tex/latex/hyperref/hpdftex.def
File: hpdftex.def 2017/03/14 v6.85a Hyperref driver for pdfTeX
\Fld@listcount=\count103
\c@bookmark@seq@number=\count104

(/usr/local/texlive/2017/texmf-dist/tex/latex/oberdiek/rerunfilecheck.sty
Package: rerunfilecheck 2016/05/16 v1.8 Rerun checks for auxiliary files (HO)
Package uniquecounter Info: New unique counter `rerunfilecheck' on input line 2
82.
)
\Hy@SectionHShift=\skip44
)
(/usr/local/texlive/2017/texmf-dist/tex/latex/placeins/placeins.sty
Package: placeins 2005/04/18  v 2.2
)
(./main.aux)
\openout1 = `main.aux'.

LaTeX Font Info:    Checking defaults for OML/cmm/m/it on input line 11.
LaTeX Font Info:    ... okay on input line 11.
LaTeX Font Info:    Checking defaults for T1/cmr/m/n on input line 11.
LaTeX Font Info:    ... okay on input line 11.
LaTeX Font Info:    Checking defaults for OT1/cmr/m/n on input line 11.
LaTeX Font Info:    ... okay on input line 11.
LaTeX Font Info:    Checking defaults for OMS/cmsy/m/n on input line 11.
LaTeX Font Info:    ... okay on input line 11.
LaTeX Font Info:    Checking defaults for OMX/cmex/m/n on input line 11.
LaTeX Font Info:    ... okay on input line 11.
LaTeX Font Info:    Checking defaults for U/cmr/m/n on input line 11.
LaTeX Font Info:    ... okay on input line 11.
LaTeX Font Info:    Checking defaults for PD1/pdf/m/n on input line 11.
LaTeX Font Info:    ... okay on input line 11.

-- Lines per column: 56 (exact).
(/usr/local/texlive/2017/texmf-dist/tex/context/base/mkii/supp-pdf.mkii
[Loading MPS to PDF converter (version 2006.09.02).]
\scratchcounter=\count105
\scratchdimen=\dimen132
\scratchbox=\box28
\nofMPsegments=\count106
\nofMParguments=\count107
\everyMPshowfont=\toks16
\MPscratchCnt=\count108
\MPscratchDim=\dimen133
\MPnumerator=\count109
\makeMPintoPDFobject=\count110
\everyMPtoPDFconversion=\toks17
) (/usr/local/texlive/2017/texmf-dist/tex/latex/oberdiek/epstopdf-base.sty
Package: epstopdf-base 2016/05/15 v2.6 Base part for package epstopdf

(/usr/local/texlive/2017/texmf-dist/tex/latex/oberdiek/grfext.sty
Package: grfext 2016/05/16 v1.2 Manage graphics extensions (HO)
)
Package epstopdf-base Info: Redefining graphics rule for `.eps' on input line 4
38.
Package grfext Info: Graphics extension search list:
(grfext)             [.png,.pdf,.jpg,.mps,.jpeg,.jbig2,.jb2,.PNG,.PDF,.JPG,.JPE
G,.JBIG2,.JB2,.eps]
(grfext)             \AppendGraphicsExtensions on input line 456.

(/usr/local/texlive/2017/texmf-dist/tex/latex/latexconfig/epstopdf-sys.cfg
File: epstopdf-sys.cfg 2010/07/13 v1.3 Configuration of (r)epstopdf for TeX Liv
e
))
\AtBeginShipoutBox=\box29
Package hyperref Info: Link coloring OFF on input line 11.

(/usr/local/texlive/2017/texmf-dist/tex/latex/hyperref/nameref.sty
Package: nameref 2016/05/21 v2.44 Cross-referencing by name of section

(/usr/local/texlive/2017/texmf-dist/tex/generic/oberdiek/gettitlestring.sty
Package: gettitlestring 2016/05/16 v1.5 Cleanup title references (HO)
)
\c@section@level=\count111
)
LaTeX Info: Redefining \ref on input line 11.
LaTeX Info: Redefining \pageref on input line 11.
LaTeX Info: Redefining \nameref on input line 11.

(./main.out) (./main.out)
\@outlinefile=\write3
\openout3 = `main.out'.

Package epstopdf Info: Source file: <ClustersD2.eps>
(epstopdf)                    date: 2017-10-16 02:53:36
(epstopdf)                    size: 514904 bytes
(epstopdf)             Output file: <ClustersD2-eps-converted-to.pdf>
(epstopdf)                    date: 2017-10-15 21:16:39
(epstopdf)                    size: 116457 bytes
(epstopdf)             Command: <repstopdf --outfile=ClustersD2-eps-converted-t
o.pdf ClustersD2.eps>
(epstopdf)             \includegraphics on input line 56.
runsystem(repstopdf --outfile=ClustersD2-eps-converted-to.pdf ClustersD2.eps)..
.executed safely (allowed).

Package epstopdf Info: Result file: <ClustersD2-eps-converted-to.pdf>
(epstopdf)                    date: 2017-10-15 21:17:30
(epstopdf)                    size: 116457 bytes.

<ClustersD2-eps-converted-to.pdf, id=59, 570.13pt x 509.905pt>
File: ClustersD2-eps-converted-to.pdf Graphic file (type pdf)

<use ClustersD2-eps-converted-to.pdf>
Package pdftex.def Info: ClustersD2-eps-converted-to.pdf used on input line 56.

(pdftex.def)             Requested size: 161.61009pt x 144.53859pt.
Package epstopdf Info: Source file: <ClustersDn4.eps>
(epstopdf)                    date: 2017-10-16 02:53:36
(epstopdf)                    size: 511997 bytes
(epstopdf)             Output file: <ClustersDn4-eps-converted-to.pdf>
(epstopdf)                    date: 2017-10-15 21:16:39
(epstopdf)                    size: 116934 bytes
(epstopdf)             Command: <repstopdf --outfile=ClustersDn4-eps-converted-
to.pdf ClustersDn4.eps>
(epstopdf)             \includegraphics on input line 62.
runsystem(repstopdf --outfile=ClustersDn4-eps-converted-to.pdf ClustersDn4.eps)
...executed safely (allowed).

Package epstopdf Info: Result file: <ClustersDn4-eps-converted-to.pdf>
(epstopdf)                    date: 2017-10-15 21:17:30
(epstopdf)                    size: 116934 bytes.

<ClustersDn4-eps-converted-to.pdf, id=61, 570.13pt x 509.905pt>
File: ClustersDn4-eps-converted-to.pdf Graphic file (type pdf)

<use ClustersDn4-eps-converted-to.pdf>
Package pdftex.def Info: ClustersDn4-eps-converted-to.pdf used on input line 62
.
(pdftex.def)             Requested size: 161.61009pt x 144.53859pt.
Package epstopdf Info: Source file: <ClustersDn8.eps>
(epstopdf)                    date: 2017-10-16 02:53:36
(epstopdf)                    size: 512395 bytes
(epstopdf)             Output file: <ClustersDn8-eps-converted-to.pdf>
(epstopdf)                    date: 2017-10-15 21:16:39
(epstopdf)                    size: 118145 bytes
(epstopdf)             Command: <repstopdf --outfile=ClustersDn8-eps-converted-
to.pdf ClustersDn8.eps>
(epstopdf)             \includegraphics on input line 68.
runsystem(repstopdf --outfile=ClustersDn8-eps-converted-to.pdf ClustersDn8.eps)
...executed safely (allowed).

Package epstopdf Info: Result file: <ClustersDn8-eps-converted-to.pdf>
(epstopdf)                    date: 2017-10-15 21:17:31
(epstopdf)                    size: 118145 bytes.

<ClustersDn8-eps-converted-to.pdf, id=63, 566.115pt x 509.905pt>
File: ClustersDn8-eps-converted-to.pdf Graphic file (type pdf)

<use ClustersDn8-eps-converted-to.pdf>
Package pdftex.def Info: ClustersDn8-eps-converted-to.pdf used on input line 68
.
(pdftex.def)             Requested size: 160.47198pt x 144.53859pt.
 [1{/usr/local/texlive/2017/texmf-var/fonts/map/pdftex/updmap/pdftex.map}


 <./ClustersD2-eps-converted-to.pdf> <./ClustersDn4-eps-converted-to.pdf> <./Cl
ustersDn8-eps-converted-to.pdf>]
Underfull \hbox (badness 1715) in paragraph at lines 78--80
\OT1/ptm/m/n/10 prop-a-ga-tion al-go-rithm, we are us-ing 'traingd'( Gra-di-ent

 []


Underfull \hbox (badness 10000) in paragraph at lines 78--80

 []


Underfull \hbox (badness 1762) in paragraph at lines 81--82
 \OT1/ptm/m/it/10 2) Back Prop-a-ga-tion with Mo-men-tum: [][][] \OT1/ptm/m/n/1
0 Here, We are
 []


Underfull \hbox (badness 3068) in paragraph at lines 81--82
\OT1/ptm/m/n/10 us-ing re-silient back prop-a-ga-tion al-go-rithm avail-able in

 []


Underfull \hbox (badness 10000) in paragraph at lines 81--82

 []


Underfull \hbox (badness 2418) in paragraph at lines 84--85
 \OT1/ptm/m/it/10 3) Levenberg-Marquardt Back Prop-a-ga-tion: [][][] \OT1/ptm/m
/n/10 Lev-en-berg
 []

Package epstopdf Info: Source file: <Exp1_DB2.eps>
(epstopdf)                    date: 2017-10-16 02:53:36
(epstopdf)                    size: 277326 bytes
(epstopdf)             Output file: <Exp1_DB2-eps-converted-to.pdf>
(epstopdf)                    date: 2017-10-15 21:16:40
(epstopdf)                    size: 67727 bytes
(epstopdf)             Command: <repstopdf --outfile=Exp1_DB2-eps-converted-to.
pdf Exp1_DB2.eps>
(epstopdf)             \includegraphics on input line 92.
runsystem(repstopdf --outfile=Exp1_DB2-eps-converted-to.pdf Exp1_DB2.eps)...exe
cuted safely (allowed).

Package epstopdf Info: Result file: <Exp1_DB2-eps-converted-to.pdf>
(epstopdf)                    date: 2017-10-15 21:17:31
(epstopdf)                    size: 67727 bytes.
<Exp1_DB2-eps-converted-to.pdf, id=111, 570.13pt x 521.95pt>
File: Exp1_DB2-eps-converted-to.pdf Graphic file (type pdf)

<use Exp1_DB2-eps-converted-to.pdf>
Package pdftex.def Info: Exp1_DB2-eps-converted-to.pdf used on input line 92.
(pdftex.def)             Requested size: 157.87802pt x 144.53621pt.
Package epstopdf Info: Source file: <Exp1_DBn4.eps>
(epstopdf)                    date: 2017-10-16 02:53:36
(epstopdf)                    size: 287508 bytes
(epstopdf)             Output file: <Exp1_DBn4-eps-converted-to.pdf>
(epstopdf)                    date: 2017-10-15 21:16:40
(epstopdf)                    size: 69440 bytes
(epstopdf)             Command: <repstopdf --outfile=Exp1_DBn4-eps-converted-to
.pdf Exp1_DBn4.eps>
(epstopdf)             \includegraphics on input line 97.
runsystem(repstopdf --outfile=Exp1_DBn4-eps-converted-to.pdf Exp1_DBn4.eps)...e
xecuted safely (allowed).

Package epstopdf Info: Result file: <Exp1_DBn4-eps-converted-to.pdf>
(epstopdf)                    date: 2017-10-15 21:17:31
(epstopdf)                    size: 69440 bytes.

<Exp1_DBn4-eps-converted-to.pdf, id=113, 570.13pt x 521.95pt>
File: Exp1_DBn4-eps-converted-to.pdf Graphic file (type pdf)

<use Exp1_DBn4-eps-converted-to.pdf>
Package pdftex.def Info: Exp1_DBn4-eps-converted-to.pdf used on input line 97.
(pdftex.def)             Requested size: 157.87802pt x 144.53621pt.
Package epstopdf Info: Source file: <Exp1_DBn8.eps>
(epstopdf)                    date: 2017-10-16 02:53:36
(epstopdf)                    size: 288579 bytes
(epstopdf)             Output file: <Exp1_DBn8-eps-converted-to.pdf>
(epstopdf)                    date: 2017-10-15 21:16:41
(epstopdf)                    size: 69387 bytes
(epstopdf)             Command: <repstopdf --outfile=Exp1_DBn8-eps-converted-to
.pdf Exp1_DBn8.eps>
(epstopdf)             \includegraphics on input line 102.
runsystem(repstopdf --outfile=Exp1_DBn8-eps-converted-to.pdf Exp1_DBn8.eps)...e
xecuted safely (allowed).

Package epstopdf Info: Result file: <Exp1_DBn8-eps-converted-to.pdf>
(epstopdf)                    date: 2017-10-15 21:17:32
(epstopdf)                    size: 69387 bytes.

<Exp1_DBn8-eps-converted-to.pdf, id=115, 570.13pt x 521.95pt>
File: Exp1_DBn8-eps-converted-to.pdf Graphic file (type pdf)

<use Exp1_DBn8-eps-converted-to.pdf>
Package pdftex.def Info: Exp1_DBn8-eps-converted-to.pdf used on input line 102.

(pdftex.def)             Requested size: 157.87802pt x 144.53621pt.
Package epstopdf Info: Source file: <Exp1_LC2.eps>
(epstopdf)                    date: 2017-10-16 02:53:36
(epstopdf)                    size: 249520 bytes
(epstopdf)             Output file: <Exp1_LC2-eps-converted-to.pdf>
(epstopdf)                    date: 2017-10-15 21:16:41
(epstopdf)                    size: 93431 bytes
(epstopdf)             Command: <repstopdf --outfile=Exp1_LC2-eps-converted-to.
pdf Exp1_LC2.eps>
(epstopdf)             \includegraphics on input line 107.
runsystem(repstopdf --outfile=Exp1_LC2-eps-converted-to.pdf Exp1_LC2.eps)...exe
cuted safely (allowed).

Package epstopdf Info: Result file: <Exp1_LC2-eps-converted-to.pdf>
(epstopdf)                    date: 2017-10-15 21:17:32
(epstopdf)                    size: 93431 bytes.

<Exp1_LC2-eps-converted-to.pdf, id=117, 579.16376pt x 521.95pt>
File: Exp1_LC2-eps-converted-to.pdf Graphic file (type pdf)

<use Exp1_LC2-eps-converted-to.pdf>
Package pdftex.def Info: Exp1_LC2-eps-converted-to.pdf used on input line 107.
(pdftex.def)             Requested size: 160.37961pt x 144.53621pt.
Package epstopdf Info: Source file: <Exp1_LCn4.eps>
(epstopdf)                    date: 2017-10-16 02:53:36
(epstopdf)                    size: 250689 bytes
(epstopdf)             Output file: <Exp1_LCn4-eps-converted-to.pdf>
(epstopdf)                    date: 2017-10-15 21:16:42
(epstopdf)                    size: 94476 bytes
(epstopdf)             Command: <repstopdf --outfile=Exp1_LCn4-eps-converted-to
.pdf Exp1_LCn4.eps>
(epstopdf)             \includegraphics on input line 112.
runsystem(repstopdf --outfile=Exp1_LCn4-eps-converted-to.pdf Exp1_LCn4.eps)...e
xecuted safely (allowed).

Package epstopdf Info: Result file: <Exp1_LCn4-eps-converted-to.pdf>
(epstopdf)                    date: 2017-10-15 21:17:33
(epstopdf)                    size: 94476 bytes.

<Exp1_LCn4-eps-converted-to.pdf, id=119, 579.16376pt x 521.95pt>
File: Exp1_LCn4-eps-converted-to.pdf Graphic file (type pdf)

<use Exp1_LCn4-eps-converted-to.pdf>
Package pdftex.def Info: Exp1_LCn4-eps-converted-to.pdf used on input line 112.

(pdftex.def)             Requested size: 160.37961pt x 144.53621pt.
Package epstopdf Info: Source file: <Exp1_LCn8.eps>
(epstopdf)                    date: 2017-10-16 02:53:36
(epstopdf)                    size: 242068 bytes
(epstopdf)             Output file: <Exp1_LCn8-eps-converted-to.pdf>
(epstopdf)                    date: 2017-10-15 21:16:42
(epstopdf)                    size: 91363 bytes
(epstopdf)             Command: <repstopdf --outfile=Exp1_LCn8-eps-converted-to
.pdf Exp1_LCn8.eps>
(epstopdf)             \includegraphics on input line 117.
runsystem(repstopdf --outfile=Exp1_LCn8-eps-converted-to.pdf Exp1_LCn8.eps)...e
xecuted safely (allowed).

Package epstopdf Info: Result file: <Exp1_LCn8-eps-converted-to.pdf>
(epstopdf)                    date: 2017-10-15 21:17:33
(epstopdf)                    size: 91363 bytes.

<Exp1_LCn8-eps-converted-to.pdf, id=121, 579.16376pt x 521.95pt>
File: Exp1_LCn8-eps-converted-to.pdf Graphic file (type pdf)

<use Exp1_LCn8-eps-converted-to.pdf>
Package pdftex.def Info: Exp1_LCn8-eps-converted-to.pdf used on input line 117.

(pdftex.def)             Requested size: 160.37961pt x 144.53621pt.
Package epstopdf Info: Source file: <Exp2_DBn8.eps>
(epstopdf)                    date: 2017-10-16 02:53:36
(epstopdf)                    size: 280715 bytes
(epstopdf)             Output file: <Exp2_DBn8-eps-converted-to.pdf>
(epstopdf)                    date: 2017-10-15 21:16:42
(epstopdf)                    size: 69425 bytes
(epstopdf)             Command: <repstopdf --outfile=Exp2_DBn8-eps-converted-to
.pdf Exp2_DBn8.eps>
(epstopdf)             \includegraphics on input line 122.
runsystem(repstopdf --outfile=Exp2_DBn8-eps-converted-to.pdf Exp2_DBn8.eps)...e
xecuted safely (allowed).

Package epstopdf Info: Result file: <Exp2_DBn8-eps-converted-to.pdf>
(epstopdf)                    date: 2017-10-15 21:17:33
(epstopdf)                    size: 69425 bytes.

<Exp2_DBn8-eps-converted-to.pdf, id=123, 570.13pt x 521.95pt>
File: Exp2_DBn8-eps-converted-to.pdf Graphic file (type pdf)

<use Exp2_DBn8-eps-converted-to.pdf>
Package pdftex.def Info: Exp2_DBn8-eps-converted-to.pdf used on input line 122.

(pdftex.def)             Requested size: 157.87802pt x 144.53621pt.
Package epstopdf Info: Source file: <Exp2_LCn8.eps>
(epstopdf)                    date: 2017-10-16 02:53:36
(epstopdf)                    size: 298640 bytes
(epstopdf)             Output file: <Exp2_LCn8-eps-converted-to.pdf>
(epstopdf)                    date: 2017-10-15 21:16:43
(epstopdf)                    size: 99026 bytes
(epstopdf)             Command: <repstopdf --outfile=Exp2_LCn8-eps-converted-to
.pdf Exp2_LCn8.eps>
(epstopdf)             \includegraphics on input line 127.
runsystem(repstopdf --outfile=Exp2_LCn8-eps-converted-to.pdf Exp2_LCn8.eps)...e
xecuted safely (allowed).

Package epstopdf Info: Result file: <Exp2_LCn8-eps-converted-to.pdf>
(epstopdf)                    date: 2017-10-15 21:17:34
(epstopdf)                    size: 99026 bytes.

<Exp2_LCn8-eps-converted-to.pdf, id=125, 579.16376pt x 521.95pt>
File: Exp2_LCn8-eps-converted-to.pdf Graphic file (type pdf)

<use Exp2_LCn8-eps-converted-to.pdf>
Package pdftex.def Info: Exp2_LCn8-eps-converted-to.pdf used on input line 127.

(pdftex.def)             Requested size: 160.37961pt x 144.53621pt.

<Confusion_Matrix_Summary_d2.png, id=127, 345.29pt x 324.21124pt>
File: Confusion_Matrix_Summary_d2.png Graphic file (type png)

<use Confusion_Matrix_Summary_d2.png>
Package pdftex.def Info: Confusion_Matrix_Summary_d2.png used on input line 132
.
(pdftex.def)             Requested size: 153.9407pt x 144.54315pt.

<Confusion_Matrix_Summary_d4.png, id=130, 345.29pt x 324.21124pt>
File: Confusion_Matrix_Summary_d4.png Graphic file (type png)

<use Confusion_Matrix_Summary_d4.png>
Package pdftex.def Info: Confusion_Matrix_Summary_d4.png used on input line 137
.
(pdftex.def)             Requested size: 153.9407pt x 144.54315pt.

<Confusion_Matrix_Summary_d8.png, id=132, 345.29pt x 324.21124pt>
File: Confusion_Matrix_Summary_d8.png Graphic file (type png)

<use Confusion_Matrix_Summary_d8.png>
Package pdftex.def Info: Confusion_Matrix_Summary_d8.png used on input line 142
.
(pdftex.def)             Requested size: 153.9407pt x 144.54315pt.
 [2 <./Exp1_DB2-eps-converted-to.pdf> <./Exp1_DBn4-eps-converted-to.pdf> <./Exp
1_DBn8-eps-converted-to.pdf>] [3 <./Exp1_LC2-eps-converted-to.pdf> <./Exp1_LCn4
-eps-converted-to.pdf> <./Exp1_LCn8-eps-converted-to.pdf> <./Exp2_DBn8-eps-conv
erted-to.pdf> <./Exp2_LCn8-eps-converted-to.pdf> <./Confusion_Matrix_Summary_d2
.png>]
./main.tex:149: Too many }'s.
l.149 }
       
? 
(./main.bbl
LaTeX Font Info:    External font `cmex10' loaded for size
(Font)              <8> on input line 28.
LaTeX Font Info:    External font `cmex10' loaded for size
(Font)              <6> on input line 28.
LaTeX Font Info:    External font `cmex10' loaded for size
(Font)              <5> on input line 28.

Underfull \hbox (badness 3954) in paragraph at lines 83--87
[]\OT1/ptm/m/n/8 Matlab, ``Mul-ti-layer neu-ral net-works and back
 []


Underfull \hbox (badness 6876) in paragraph at lines 83--87
\OT1/ptm/m/n/8 prop-a-ga-tion,'' (Date last ac-cessed 15-oct-2017).
 []


Underfull \hbox (badness 2951) in paragraph at lines 83--87
\OT1/ptm/m/n/8 [On-line]. Avail-able: []$https : / / www . mathworks . com / he
lp / nnet / ug /
 []

)

** Conference Paper **
Before submitting the final camera ready copy, remember to:

 1. Manually equalize the lengths of two columns on the last page
 of your paper;

 2. Ensure that any PostScript and/or PDF output post-processing
 uses only Type 1 fonts and that every step in the generation
 process uses the appropriate paper size.

Package atveryend Info: Empty hook `BeforeClearDocument' on input line 176.
[4 <./Confusion_Matrix_Summary_d4.png> <./Confusion_Matrix_Summary_d8.png>]
Package atveryend Info: Empty hook `AfterLastShipout' on input line 176.

(./main.aux)
Package atveryend Info: Executing hook `AtVeryEndDocument' on input line 176.
Package atveryend Info: Executing hook `AtEndAfterFileList' on input line 176.
Package rerunfilecheck Info: File `main.out' has not changed.
(rerunfilecheck)             Checksum: 84EF139FC1F3062E599826201417250D;802.
Package atveryend Info: Empty hook `AtVeryVeryEnd' on input line 176.
 ) 
Here is how much of TeX's memory you used:
 6051 strings out of 492995
 95900 string characters out of 6132704
 188791 words of memory out of 5000000
 9516 multiletter control sequences out of 15000+600000
 35966 words of font info for 69 fonts, out of 8000000 for 9000
 1141 hyphenation exceptions out of 8191
 28i,7n,28p,1000b,357s stack positions out of 5000i,500n,10000p,200000b,80000s
{/usr/local/texlive/2017/texmf-dist/fonts/enc/dvips/base/8r.enc}</usr/local/t
exlive/2017/texmf-dist/fonts/type1/urw/times/utmb8a.pfb></usr/local/texlive/201
7/texmf-dist/fonts/type1/urw/times/utmbi8a.pfb></usr/local/texlive/2017/texmf-d
ist/fonts/type1/urw/times/utmr8a.pfb></usr/local/texlive/2017/texmf-dist/fonts/
type1/urw/times/utmri8a.pfb>
Output written on main.pdf (4 pages, 1155609 bytes).
PDF statistics:
 284 PDF objects out of 1000 (max. 8388607)
 221 compressed objects within 3 object streams
 42 named destinations out of 1000 (max. 500000)
 259 words of extra memory for PDF output out of 10000 (max. 10000000)

